Flow report for VISUALIZADORALPHANUMERICO
Wed Aug 31 12:01:10 2016
Quartus II Version 9.0 Build 235 06/17/2009 Service Pack 2 SJ Web Edition


---------------------
; Table of Contents ;
---------------------
  1. Legal Notice
  2. Flow Summary
  3. Flow Settings
  4. Flow Non-Default Global Settings
  5. Flow Elapsed Time
  6. Flow OS Summary
  7. Flow Log



----------------
; Legal Notice ;
----------------
Copyright (C) 1991-2009 Altera Corporation
Your use of Altera Corporation's design tools, logic functions 
and other software and tools, and its AMPP partner logic 
functions, and any output files from any of the foregoing 
(including device programming or simulation files), and any 
associated documentation or information are expressly subject 
to the terms and conditions of the Altera Program License 
Subscription Agreement, Altera MegaCore Function License 
Agreement, or other applicable license agreement, including, 
without limitation, that your use is for the sole purpose of 
programming logic devices manufactured by Altera and sold by 
Altera or its authorized distributors.  Please refer to the 
applicable agreement for further details.



+-----------------------------------------------------------------------------------+
; Flow Summary                                                                      ;
+------------------------------------+----------------------------------------------+
; Flow Status                        ; Successful - Wed Aug 31 12:01:10 2016        ;
; Quartus II Version                 ; 9.0 Build 235 06/17/2009 SP 2 SJ Web Edition ;
; Revision Name                      ; VISUALIZADORALPHANUMERICO                    ;
; Top-level Entity Name              ; VisualizadorAlphanumerico                    ;
; Family                             ; Cyclone II                                   ;
; Device                             ; EP2C5T144C8                                  ;
; Timing Models                      ; Final                                        ;
; Met timing requirements            ; No                                           ;
; Total logic elements               ; 456 / 4,608 ( 10 % )                         ;
;     Total combinational functions  ; 428 / 4,608 ( 9 % )                          ;
;     Dedicated logic registers      ; 125 / 4,608 ( 3 % )                          ;
; Total registers                    ; 125                                          ;
; Total pins                         ; 32 / 89 ( 36 % )                             ;
; Total virtual pins                 ; 0                                            ;
; Total memory bits                  ; 0 / 119,808 ( 0 % )                          ;
; Embedded Multiplier 9-bit elements ; 0 / 26 ( 0 % )                               ;
; Total PLLs                         ; 0 / 2 ( 0 % )                                ;
+------------------------------------+----------------------------------------------+


+-----------------------------------------------+
; Flow Settings                                 ;
+-------------------+---------------------------+
; Option            ; Setting                   ;
+-------------------+---------------------------+
; Start date & time ; 08/31/2016 12:00:43       ;
; Main task         ; Compilation               ;
; Revision Name     ; VISUALIZADORALPHANUMERICO ;
+-------------------+---------------------------+


+---------------------------------------------------------------------------------------------------------------------------------------------------------------------------------+
; Flow Non-Default Global Settings                                                                                                                                                ;
+------------------------------------+---------------------------------------------------------------------------------------------+---------------+-------------+----------------+
; Assignment Name                    ; Value                                                                                       ; Default Value ; Entity Name ; Section Id     ;
+------------------------------------+---------------------------------------------------------------------------------------------+---------------+-------------+----------------+
; COMPILER_SIGNATURE_ID              ; 128534996671753.147265564205316                                                             ; --            ; --          ; --             ;
; CYCLONEII_OPTIMIZATION_TECHNIQUE   ; Area                                                                                        ; Balanced      ; --          ; --             ;
; MAX_CORE_JUNCTION_TEMP             ; 85                                                                                          ; --            ; --          ; --             ;
; MIN_CORE_JUNCTION_TEMP             ; 0                                                                                           ; --            ; --          ; --             ;
; MISC_FILE                          ; C:/Desenvolvedor/Quartus/9/PROJETO VISUALIZADOR ALPHANUMERICO/VISUALIZADORALPHANUMERICO.dpf ; --            ; --          ; --             ;
; PARTITION_COLOR                    ; 16764057                                                                                    ; --            ; --          ; Top            ;
; PARTITION_NETLIST_TYPE             ; SOURCE                                                                                      ; --            ; --          ; Top            ;
; SEARCH_PATH                        ; c:\users\loki\dropbox\uefs\2016.1\mi - circuitos digitais\projeto ibm at ps2/               ; --            ; --          ; --             ;
; USE_GENERATED_PHYSICAL_CONSTRAINTS ; Off                                                                                         ; --            ; --          ; eda_blast_fpga ;
+------------------------------------+---------------------------------------------------------------------------------------------+---------------+-------------+----------------+


+-----------------------------------------------------------------------------------------------------------------------------+
; Flow Elapsed Time                                                                                                           ;
+-------------------------+--------------+-------------------------+---------------------+------------------------------------+
; Module Name             ; Elapsed Time ; Average Processors Used ; Peak Virtual Memory ; Total CPU Time (on all processors) ;
+-------------------------+--------------+-------------------------+---------------------+------------------------------------+
; Analysis & Synthesis    ; 00:00:14     ; 1.0                     ; 252 MB              ; 00:00:05                           ;
; Fitter                  ; 00:00:05     ; 1.0                     ; 270 MB              ; 00:00:04                           ;
; Assembler               ; 00:00:01     ; 1.0                     ; 231 MB              ; 00:00:01                           ;
; Classic Timing Analyzer ; 00:00:01     ; 1.0                     ; 198 MB              ; 00:00:01                           ;
; Total                   ; 00:00:21     ; --                      ; --                  ; 00:00:11                           ;
+-------------------------+--------------+-------------------------+---------------------+------------------------------------+


+------------------------------------------------------------------------------------------+
; Flow OS Summary                                                                          ;
+-------------------------+------------------+---------------+------------+----------------+
; Module Name             ; Machine Hostname ; OS Name       ; OS Version ; Processor type ;
+-------------------------+------------------+---------------+------------+----------------+
; Analysis & Synthesis    ; ALYSON-DELL      ; Windows Vista ; 6.2        ; x86_64         ;
; Fitter                  ; ALYSON-DELL      ; Windows Vista ; 6.2        ; x86_64         ;
; Assembler               ; ALYSON-DELL      ; Windows Vista ; 6.2        ; x86_64         ;
; Classic Timing Analyzer ; ALYSON-DELL      ; Windows Vista ; 6.2        ; x86_64         ;
+-------------------------+------------------+---------------+------------+----------------+


------------
; Flow Log ;
------------
quartus_map --read_settings_files=on --write_settings_files=off VISUALIZADORALPHANUMERICO -c VISUALIZADORALPHANUMERICO
quartus_fit --read_settings_files=off --write_settings_files=off VISUALIZADORALPHANUMERICO -c VISUALIZADORALPHANUMERICO
quartus_asm --read_settings_files=off --write_settings_files=off VISUALIZADORALPHANUMERICO -c VISUALIZADORALPHANUMERICO
quartus_tan --read_settings_files=off --write_settings_files=off VISUALIZADORALPHANUMERICO -c VISUALIZADORALPHANUMERICO --timing_analysis_only



