Analysis & Synthesis report for VISUALIZADORALPHANUMERICO
Wed Aug 31 12:00:55 2016
Quartus II Version 9.0 Build 235 06/17/2009 Service Pack 2 SJ Web Edition


---------------------
; Table of Contents ;
---------------------
  1. Legal Notice
  2. Analysis & Synthesis Summary
  3. Analysis & Synthesis Settings
  4. Analysis & Synthesis Source Files Read
  5. Analysis & Synthesis Resource Usage Summary
  6. Analysis & Synthesis Resource Utilization by Entity
  7. General Register Statistics
  8. Multiplexer Restructuring Statistics (Restructuring Performed)
  9. Parameter Settings for User Entity Instance: Memoria:inst9|74151:inst59
 10. Parameter Settings for User Entity Instance: Memoria:inst9|74151:inst61
 11. Parameter Settings for User Entity Instance: Memoria:inst9|74151:inst64
 12. Parameter Settings for User Entity Instance: Memoria:inst9|74151:inst67
 13. Parameter Settings for User Entity Instance: Memoria:inst9|74151:inst71
 14. Parameter Settings for User Entity Instance: Memoria:inst9|74151:inst74
 15. Parameter Settings for User Entity Instance: Memoria:inst9|74151:inst77
 16. Analysis & Synthesis Messages



----------------
; Legal Notice ;
----------------
Copyright (C) 1991-2009 Altera Corporation
Your use of Altera Corporation's design tools, logic functions 
and other software and tools, and its AMPP partner logic 
functions, and any output files from any of the foregoing 
(including device programming or simulation files), and any 
associated documentation or information are expressly subject 
to the terms and conditions of the Altera Program License 
Subscription Agreement, Altera MegaCore Function License 
Agreement, or other applicable license agreement, including, 
without limitation, that your use is for the sole purpose of 
programming logic devices manufactured by Altera and sold by 
Altera or its authorized distributors.  Please refer to the 
applicable agreement for further details.



+-----------------------------------------------------------------------------------+
; Analysis & Synthesis Summary                                                      ;
+------------------------------------+----------------------------------------------+
; Analysis & Synthesis Status        ; Successful - Wed Aug 31 12:00:55 2016        ;
; Quartus II Version                 ; 9.0 Build 235 06/17/2009 SP 2 SJ Web Edition ;
; Revision Name                      ; VISUALIZADORALPHANUMERICO                    ;
; Top-level Entity Name              ; VisualizadorAlphanumerico                    ;
; Family                             ; Cyclone II                                   ;
; Total logic elements               ; 485                                          ;
;     Total combinational functions  ; 428                                          ;
;     Dedicated logic registers      ; 125                                          ;
; Total registers                    ; 125                                          ;
; Total pins                         ; 32                                           ;
; Total virtual pins                 ; 0                                            ;
; Total memory bits                  ; 0                                            ;
; Embedded Multiplier 9-bit elements ; 0                                            ;
; Total PLLs                         ; 0                                            ;
+------------------------------------+----------------------------------------------+


+----------------------------------------------------------------------------------------------------------------------+
; Analysis & Synthesis Settings                                                                                        ;
+--------------------------------------------------------------+---------------------------+---------------------------+
; Option                                                       ; Setting                   ; Default Value             ;
+--------------------------------------------------------------+---------------------------+---------------------------+
; Device                                                       ; EP2C5T144C8               ;                           ;
; Top-level entity name                                        ; VISUALIZADORALPHANUMERICO ; VISUALIZADORALPHANUMERICO ;
; Family name                                                  ; Cyclone II                ; Stratix II                ;
; Optimization Technique                                       ; Area                      ; Balanced                  ;
; Use Generated Physical Constraints File                      ; Off                       ;                           ;
; Use smart compilation                                        ; Off                       ; Off                       ;
; Restructure Multiplexers                                     ; Auto                      ; Auto                      ;
; Create Debugging Nodes for IP Cores                          ; Off                       ; Off                       ;
; Preserve fewer node names                                    ; On                        ; On                        ;
; Disable OpenCore Plus hardware evaluation                    ; Off                       ; Off                       ;
; Verilog Version                                              ; Verilog_2001              ; Verilog_2001              ;
; VHDL Version                                                 ; VHDL93                    ; VHDL93                    ;
; State Machine Processing                                     ; Auto                      ; Auto                      ;
; Safe State Machine                                           ; Off                       ; Off                       ;
; Extract Verilog State Machines                               ; On                        ; On                        ;
; Extract VHDL State Machines                                  ; On                        ; On                        ;
; Ignore Verilog initial constructs                            ; Off                       ; Off                       ;
; Iteration limit for constant Verilog loops                   ; 5000                      ; 5000                      ;
; Iteration limit for non-constant Verilog loops               ; 250                       ; 250                       ;
; Add Pass-Through Logic to Inferred RAMs                      ; On                        ; On                        ;
; Parallel Synthesis                                           ; Off                       ; Off                       ;
; DSP Block Balancing                                          ; Auto                      ; Auto                      ;
; NOT Gate Push-Back                                           ; On                        ; On                        ;
; Power-Up Don't Care                                          ; On                        ; On                        ;
; Remove Redundant Logic Cells                                 ; Off                       ; Off                       ;
; Remove Duplicate Registers                                   ; On                        ; On                        ;
; Ignore CARRY Buffers                                         ; Off                       ; Off                       ;
; Ignore CASCADE Buffers                                       ; Off                       ; Off                       ;
; Ignore GLOBAL Buffers                                        ; Off                       ; Off                       ;
; Ignore ROW GLOBAL Buffers                                    ; Off                       ; Off                       ;
; Ignore LCELL Buffers                                         ; Off                       ; Off                       ;
; Ignore SOFT Buffers                                          ; On                        ; On                        ;
; Limit AHDL Integers to 32 Bits                               ; Off                       ; Off                       ;
; Carry Chain Length                                           ; 70                        ; 70                        ;
; Auto Carry Chains                                            ; On                        ; On                        ;
; Auto Open-Drain Pins                                         ; On                        ; On                        ;
; Perform WYSIWYG Primitive Resynthesis                        ; Off                       ; Off                       ;
; Auto ROM Replacement                                         ; On                        ; On                        ;
; Auto RAM Replacement                                         ; On                        ; On                        ;
; Auto Shift Register Replacement                              ; Auto                      ; Auto                      ;
; Auto Clock Enable Replacement                                ; On                        ; On                        ;
; Strict RAM Replacement                                       ; Off                       ; Off                       ;
; Allow Synchronous Control Signals                            ; On                        ; On                        ;
; Force Use of Synchronous Clear Signals                       ; Off                       ; Off                       ;
; Auto RAM to Logic Cell Conversion                            ; Off                       ; Off                       ;
; Auto Resource Sharing                                        ; Off                       ; Off                       ;
; Allow Any RAM Size For Recognition                           ; Off                       ; Off                       ;
; Allow Any ROM Size For Recognition                           ; Off                       ; Off                       ;
; Allow Any Shift Register Size For Recognition                ; Off                       ; Off                       ;
; Use LogicLock Constraints during Resource Balancing          ; On                        ; On                        ;
; Ignore translate_off and synthesis_off directives            ; Off                       ; Off                       ;
; Timing-Driven Synthesis                                      ; Off                       ; Off                       ;
; Show Parameter Settings Tables in Synthesis Report           ; On                        ; On                        ;
; Ignore Maximum Fan-Out Assignments                           ; Off                       ; Off                       ;
; Synchronization Register Chain Length                        ; 2                         ; 2                         ;
; PowerPlay Power Optimization                                 ; Normal compilation        ; Normal compilation        ;
; HDL message level                                            ; Level2                    ; Level2                    ;
; Suppress Register Optimization Related Messages              ; Off                       ; Off                       ;
; Number of Removed Registers Reported in Synthesis Report     ; 100                       ; 100                       ;
; Number of Inverted Registers Reported in Synthesis Report    ; 100                       ; 100                       ;
; Clock MUX Protection                                         ; On                        ; On                        ;
; Auto Gated Clock Conversion                                  ; Off                       ; Off                       ;
; Block Design Naming                                          ; Auto                      ; Auto                      ;
; SDC constraint protection                                    ; Off                       ; Off                       ;
; Synthesis Effort                                             ; Auto                      ; Auto                      ;
; Shift Register Replacement - Allow Asynchronous Clear Signal ; On                        ; On                        ;
; Analysis & Synthesis Message Level                           ; Medium                    ; Medium                    ;
+--------------------------------------------------------------+---------------------------+---------------------------+


+---------------------------------------------------------------------------------------------------------------------------------------------------------------------------------------+
; Analysis & Synthesis Source Files Read                                                                                                                                                ;
+----------------------------------+-----------------+------------------------------------+---------------------------------------------------------------------------------------------+
; File Name with User-Entered Path ; Used in Netlist ; File Type                          ; File Name with Absolute Path                                                                ;
+----------------------------------+-----------------+------------------------------------+---------------------------------------------------------------------------------------------+
; linha2led2.bdf                   ; yes             ; User Block Diagram/Schematic File  ; C:/Desenvolvedor/Quartus/9/PROJETO VISUALIZADOR ALPHANUMERICO/linha2led2.bdf                ;
; Linha1.bdf                       ; yes             ; User Block Diagram/Schematic File  ; C:/Desenvolvedor/Quartus/9/PROJETO VISUALIZADOR ALPHANUMERICO/Linha1.bdf                    ;
; Linha2.bdf                       ; yes             ; User Block Diagram/Schematic File  ; C:/Desenvolvedor/Quartus/9/PROJETO VISUALIZADOR ALPHANUMERICO/Linha2.bdf                    ;
; linha3.bdf                       ; yes             ; User Block Diagram/Schematic File  ; C:/Desenvolvedor/Quartus/9/PROJETO VISUALIZADOR ALPHANUMERICO/linha3.bdf                    ;
; linha3led1.bdf                   ; yes             ; User Block Diagram/Schematic File  ; C:/Desenvolvedor/Quartus/9/PROJETO VISUALIZADOR ALPHANUMERICO/linha3led1.bdf                ;
; linha3led2.bdf                   ; yes             ; User Block Diagram/Schematic File  ; C:/Desenvolvedor/Quartus/9/PROJETO VISUALIZADOR ALPHANUMERICO/linha3led2.bdf                ;
; linha3led3.bdf                   ; yes             ; User Block Diagram/Schematic File  ; C:/Desenvolvedor/Quartus/9/PROJETO VISUALIZADOR ALPHANUMERICO/linha3led3.bdf                ;
; linha3led4.bdf                   ; yes             ; User Block Diagram/Schematic File  ; C:/Desenvolvedor/Quartus/9/PROJETO VISUALIZADOR ALPHANUMERICO/linha3led4.bdf                ;
; linha3led5.bdf                   ; yes             ; User Block Diagram/Schematic File  ; C:/Desenvolvedor/Quartus/9/PROJETO VISUALIZADOR ALPHANUMERICO/linha3led5.bdf                ;
; linha4.bdf                       ; yes             ; User Block Diagram/Schematic File  ; C:/Desenvolvedor/Quartus/9/PROJETO VISUALIZADOR ALPHANUMERICO/linha4.bdf                    ;
; linha4led1.bdf                   ; yes             ; User Block Diagram/Schematic File  ; C:/Desenvolvedor/Quartus/9/PROJETO VISUALIZADOR ALPHANUMERICO/linha4led1.bdf                ;
; linha4led2.bdf                   ; yes             ; User Block Diagram/Schematic File  ; C:/Desenvolvedor/Quartus/9/PROJETO VISUALIZADOR ALPHANUMERICO/linha4led2.bdf                ;
; linha4led3.bdf                   ; yes             ; User Block Diagram/Schematic File  ; C:/Desenvolvedor/Quartus/9/PROJETO VISUALIZADOR ALPHANUMERICO/linha4led3.bdf                ;
; linha4led4.bdf                   ; yes             ; User Block Diagram/Schematic File  ; C:/Desenvolvedor/Quartus/9/PROJETO VISUALIZADOR ALPHANUMERICO/linha4led4.bdf                ;
; linha4led5.bdf                   ; yes             ; User Block Diagram/Schematic File  ; C:/Desenvolvedor/Quartus/9/PROJETO VISUALIZADOR ALPHANUMERICO/linha4led5.bdf                ;
; Linha5.bdf                       ; yes             ; User Block Diagram/Schematic File  ; C:/Desenvolvedor/Quartus/9/PROJETO VISUALIZADOR ALPHANUMERICO/Linha5.bdf                    ;
; Linha6.bdf                       ; yes             ; User Block Diagram/Schematic File  ; C:/Desenvolvedor/Quartus/9/PROJETO VISUALIZADOR ALPHANUMERICO/Linha6.bdf                    ;
; Linha7.bdf                       ; yes             ; User Block Diagram/Schematic File  ; C:/Desenvolvedor/Quartus/9/PROJETO VISUALIZADOR ALPHANUMERICO/Linha7.bdf                    ;
; or7.bdf                          ; yes             ; User Block Diagram/Schematic File  ; C:/Desenvolvedor/Quartus/9/PROJETO VISUALIZADOR ALPHANUMERICO/or7.bdf                       ;
; LED1LINHA6MATRIZ.bdf             ; yes             ; User Block Diagram/Schematic File  ; C:/Desenvolvedor/Quartus/9/PROJETO VISUALIZADOR ALPHANUMERICO/LED1LINHA6MATRIZ.bdf          ;
; LED1LINHA7MATRIZ.bdf             ; yes             ; User Block Diagram/Schematic File  ; C:/Desenvolvedor/Quartus/9/PROJETO VISUALIZADOR ALPHANUMERICO/LED1LINHA7MATRIZ.bdf          ;
; LED2LINHA6MATRIZ.bdf             ; yes             ; User Block Diagram/Schematic File  ; C:/Desenvolvedor/Quartus/9/PROJETO VISUALIZADOR ALPHANUMERICO/LED2LINHA6MATRIZ.bdf          ;
; LED2LINHA7MATRIZ.bdf             ; yes             ; User Block Diagram/Schematic File  ; C:/Desenvolvedor/Quartus/9/PROJETO VISUALIZADOR ALPHANUMERICO/LED2LINHA7MATRIZ.bdf          ;
; LED3LINHA6MATRIZ.bdf             ; yes             ; User Block Diagram/Schematic File  ; C:/Desenvolvedor/Quartus/9/PROJETO VISUALIZADOR ALPHANUMERICO/LED3LINHA6MATRIZ.bdf          ;
; LED3LINHA7MATRIZ.bdf             ; yes             ; User Block Diagram/Schematic File  ; C:/Desenvolvedor/Quartus/9/PROJETO VISUALIZADOR ALPHANUMERICO/LED3LINHA7MATRIZ.bdf          ;
; LED4LINHA6MATRIZ.bdf             ; yes             ; User Block Diagram/Schematic File  ; C:/Desenvolvedor/Quartus/9/PROJETO VISUALIZADOR ALPHANUMERICO/LED4LINHA6MATRIZ.bdf          ;
; LED4LINHA7MATRIZ.bdf             ; yes             ; User Block Diagram/Schematic File  ; C:/Desenvolvedor/Quartus/9/PROJETO VISUALIZADOR ALPHANUMERICO/LED4LINHA7MATRIZ.bdf          ;
; LED5LINHA6MATRIZ.bdf             ; yes             ; User Block Diagram/Schematic File  ; C:/Desenvolvedor/Quartus/9/PROJETO VISUALIZADOR ALPHANUMERICO/LED5LINHA6MATRIZ.bdf          ;
; LED5LINHA7MATRIZ.bdf             ; yes             ; User Block Diagram/Schematic File  ; C:/Desenvolvedor/Quartus/9/PROJETO VISUALIZADOR ALPHANUMERICO/LED5LINHA7MATRIZ.bdf          ;
; DecodificadorMatriz.bdf          ; yes             ; User Block Diagram/Schematic File  ; C:/Desenvolvedor/Quartus/9/PROJETO VISUALIZADOR ALPHANUMERICO/DecodificadorMatriz.bdf       ;
; Deliciaplex.bdf                  ; yes             ; User Block Diagram/Schematic File  ; C:/Desenvolvedor/Quartus/9/PROJETO VISUALIZADOR ALPHANUMERICO/Deliciaplex.bdf               ;
; A11.bdf                          ; yes             ; User Block Diagram/Schematic File  ; C:/Desenvolvedor/Quartus/9/PROJETO VISUALIZADOR ALPHANUMERICO/A11.bdf                       ;
; A12.bdf                          ; yes             ; User Block Diagram/Schematic File  ; C:/Desenvolvedor/Quartus/9/PROJETO VISUALIZADOR ALPHANUMERICO/A12.bdf                       ;
; A13.bdf                          ; yes             ; User Block Diagram/Schematic File  ; C:/Desenvolvedor/Quartus/9/PROJETO VISUALIZADOR ALPHANUMERICO/A13.bdf                       ;
; A14.bdf                          ; yes             ; User Block Diagram/Schematic File  ; C:/Desenvolvedor/Quartus/9/PROJETO VISUALIZADOR ALPHANUMERICO/A14.bdf                       ;
; A15.bdf                          ; yes             ; User Block Diagram/Schematic File  ; C:/Desenvolvedor/Quartus/9/PROJETO VISUALIZADOR ALPHANUMERICO/A15.bdf                       ;
; A21.bdf                          ; yes             ; User Block Diagram/Schematic File  ; C:/Desenvolvedor/Quartus/9/PROJETO VISUALIZADOR ALPHANUMERICO/A21.bdf                       ;
; A23.bdf                          ; yes             ; User Block Diagram/Schematic File  ; C:/Desenvolvedor/Quartus/9/PROJETO VISUALIZADOR ALPHANUMERICO/A23.bdf                       ;
; A24.bdf                          ; yes             ; User Block Diagram/Schematic File  ; C:/Desenvolvedor/Quartus/9/PROJETO VISUALIZADOR ALPHANUMERICO/A24.bdf                       ;
; A25.bdf                          ; yes             ; User Block Diagram/Schematic File  ; C:/Desenvolvedor/Quartus/9/PROJETO VISUALIZADOR ALPHANUMERICO/A25.bdf                       ;
; A51.bdf                          ; yes             ; User Block Diagram/Schematic File  ; C:/Desenvolvedor/Quartus/9/PROJETO VISUALIZADOR ALPHANUMERICO/A51.bdf                       ;
; A52.bdf                          ; yes             ; User Block Diagram/Schematic File  ; C:/Desenvolvedor/Quartus/9/PROJETO VISUALIZADOR ALPHANUMERICO/A52.bdf                       ;
; A53.bdf                          ; yes             ; User Block Diagram/Schematic File  ; C:/Desenvolvedor/Quartus/9/PROJETO VISUALIZADOR ALPHANUMERICO/A53.bdf                       ;
; A54.bdf                          ; yes             ; User Block Diagram/Schematic File  ; C:/Desenvolvedor/Quartus/9/PROJETO VISUALIZADOR ALPHANUMERICO/A54.bdf                       ;
; A55.bdf                          ; yes             ; User Block Diagram/Schematic File  ; C:/Desenvolvedor/Quartus/9/PROJETO VISUALIZADOR ALPHANUMERICO/A55.bdf                       ;
; divisordefreq2.bdf               ; yes             ; User Block Diagram/Schematic File  ; C:/Desenvolvedor/Quartus/9/PROJETO VISUALIZADOR ALPHANUMERICO/divisordefreq2.bdf            ;
; divisordefreq.bdf                ; yes             ; User Block Diagram/Schematic File  ; C:/Desenvolvedor/Quartus/9/PROJETO VISUALIZADOR ALPHANUMERICO/divisordefreq.bdf             ;
; Debounce.bdf                     ; yes             ; User Block Diagram/Schematic File  ; C:/Desenvolvedor/Quartus/9/PROJETO VISUALIZADOR ALPHANUMERICO/Debounce.bdf                  ;
; Memoria.bdf                      ; yes             ; User Block Diagram/Schematic File  ; C:/Desenvolvedor/Quartus/9/PROJETO VISUALIZADOR ALPHANUMERICO/Memoria.bdf                   ;
; Contador.bdf                     ; yes             ; User Block Diagram/Schematic File  ; C:/Desenvolvedor/Quartus/9/PROJETO VISUALIZADOR ALPHANUMERICO/Contador.bdf                  ;
; InterpretadorScancode.bdf        ; yes             ; User Block Diagram/Schematic File  ; C:/Desenvolvedor/Quartus/9/PROJETO VISUALIZADOR ALPHANUMERICO/InterpretadorScancode.bdf     ;
; LED1.bdf                         ; yes             ; User Block Diagram/Schematic File  ; C:/Desenvolvedor/Quartus/9/PROJETO VISUALIZADOR ALPHANUMERICO/LED1.bdf                      ;
; LED2.bdf                         ; yes             ; User Block Diagram/Schematic File  ; C:/Desenvolvedor/Quartus/9/PROJETO VISUALIZADOR ALPHANUMERICO/LED2.bdf                      ;
; LED3.bdf                         ; yes             ; User Block Diagram/Schematic File  ; C:/Desenvolvedor/Quartus/9/PROJETO VISUALIZADOR ALPHANUMERICO/LED3.bdf                      ;
; LED4.bdf                         ; yes             ; User Block Diagram/Schematic File  ; C:/Desenvolvedor/Quartus/9/PROJETO VISUALIZADOR ALPHANUMERICO/LED4.bdf                      ;
; LED5.bdf                         ; yes             ; User Block Diagram/Schematic File  ; C:/Desenvolvedor/Quartus/9/PROJETO VISUALIZADOR ALPHANUMERICO/LED5.bdf                      ;
; LED6.bdf                         ; yes             ; User Block Diagram/Schematic File  ; C:/Desenvolvedor/Quartus/9/PROJETO VISUALIZADOR ALPHANUMERICO/LED6.bdf                      ;
; LED7.bdf                         ; yes             ; User Block Diagram/Schematic File  ; C:/Desenvolvedor/Quartus/9/PROJETO VISUALIZADOR ALPHANUMERICO/LED7.bdf                      ;
; VisualizadorAlphanumerico.bdf    ; yes             ; User Block Diagram/Schematic File  ; C:/Desenvolvedor/Quartus/9/PROJETO VISUALIZADOR ALPHANUMERICO/VisualizadorAlphanumerico.bdf ;
; Contador2.bdf                    ; yes             ; User Block Diagram/Schematic File  ; C:/Desenvolvedor/Quartus/9/PROJETO VISUALIZADOR ALPHANUMERICO/Contador2.bdf                 ;
; 74138.bdf                        ; yes             ; Megafunction                       ; c:/altera/90sp2/quartus/libraries/others/maxplus2/74138.bdf                                 ;
; 74151.tdf                        ; yes             ; Megafunction                       ; c:/altera/90sp2/quartus/libraries/others/maxplus2/74151.tdf                                 ;
; aglobal.inc                      ; yes             ; Megafunction                       ; c:/altera/90sp2/quartus/libraries/megafunctions/aglobal.inc                                 ;
; f74151.bdf                       ; yes             ; Megafunction                       ; c:/altera/90sp2/quartus/libraries/others/maxplus2/f74151.bdf                                ;
+----------------------------------+-----------------+------------------------------------+---------------------------------------------------------------------------------------------+


+------------------------------------------------------------------------------------------+
; Analysis & Synthesis Resource Usage Summary                                              ;
+---------------------------------------------+--------------------------------------------+
; Resource                                    ; Usage                                      ;
+---------------------------------------------+--------------------------------------------+
; Estimated Total logic elements              ; 485                                        ;
;                                             ;                                            ;
; Total combinational functions               ; 428                                        ;
; Logic element usage by number of LUT inputs ;                                            ;
;     -- 4 input functions                    ; 289                                        ;
;     -- 3 input functions                    ; 61                                         ;
;     -- <=2 input functions                  ; 78                                         ;
;                                             ;                                            ;
; Logic elements by mode                      ;                                            ;
;     -- normal mode                          ; 428                                        ;
;     -- arithmetic mode                      ; 0                                          ;
;                                             ;                                            ;
; Total registers                             ; 125                                        ;
;     -- Dedicated logic registers            ; 125                                        ;
;     -- I/O registers                        ; 0                                          ;
;                                             ;                                            ;
; I/O pins                                    ; 32                                         ;
; Maximum fan-out node                        ; Memoria:inst9|74151:inst74|f74151:sub|81~4 ;
; Maximum fan-out                             ; 75                                         ;
; Total fan-out                               ; 1768                                       ;
; Average fan-out                             ; 3.02                                       ;
+---------------------------------------------+--------------------------------------------+


+----------------------------------------------------------------------------------------------------------------------------------------------------------------------------------------------------------------------------------------------------------+
; Analysis & Synthesis Resource Utilization by Entity                                                                                                                                                                                                      ;
+-----------------------------------+-------------------+--------------+-------------+--------------+---------+-----------+------+--------------+-------------------------------------------------------------------------------------------+--------------+
; Compilation Hierarchy Node        ; LC Combinationals ; LC Registers ; Memory Bits ; DSP Elements ; DSP 9x9 ; DSP 18x18 ; Pins ; Virtual Pins ; Full Hierarchy Name                                                                       ; Library Name ;
+-----------------------------------+-------------------+--------------+-------------+--------------+---------+-----------+------+--------------+-------------------------------------------------------------------------------------------+--------------+
; |VisualizadorAlphanumerico        ; 428 (7)           ; 125 (0)      ; 0           ; 0            ; 0       ; 0         ; 32   ; 0            ; |VisualizadorAlphanumerico                                                                ; work         ;
;    |Debounce:inst1|               ; 0 (0)             ; 4 (4)        ; 0           ; 0            ; 0       ; 0         ; 0    ; 0            ; |VisualizadorAlphanumerico|Debounce:inst1                                                 ; work         ;
;    |Debounce:inst3|               ; 1 (1)             ; 4 (4)        ; 0           ; 0            ; 0       ; 0         ; 0    ; 0            ; |VisualizadorAlphanumerico|Debounce:inst3                                                 ; work         ;
;    |DecodificadorMatriz:inst4|    ; 254 (0)           ; 3 (0)        ; 0           ; 0            ; 0       ; 0         ; 0    ; 0            ; |VisualizadorAlphanumerico|DecodificadorMatriz:inst4                                      ; work         ;
;       |Contador:inst12|           ; 3 (3)             ; 3 (3)        ; 0           ; 0            ; 0       ; 0         ; 0    ; 0            ; |VisualizadorAlphanumerico|DecodificadorMatriz:inst4|Contador:inst12                      ; work         ;
;       |Deliciaplex:inst18|        ; 9 (9)             ; 0 (0)        ; 0           ; 0            ; 0       ; 0         ; 0    ; 0            ; |VisualizadorAlphanumerico|DecodificadorMatriz:inst4|Deliciaplex:inst18                   ; work         ;
;       |Linha1:inst1|              ; 1 (0)             ; 0 (0)        ; 0           ; 0            ; 0       ; 0         ; 0    ; 0            ; |VisualizadorAlphanumerico|DecodificadorMatriz:inst4|Linha1:inst1                         ; work         ;
;          |A12:inst2|              ; 1 (1)             ; 0 (0)        ; 0           ; 0            ; 0       ; 0         ; 0    ; 0            ; |VisualizadorAlphanumerico|DecodificadorMatriz:inst4|Linha1:inst1|A12:inst2               ; work         ;
;       |Linha5:inst10|             ; 5 (0)             ; 0 (0)        ; 0           ; 0            ; 0       ; 0         ; 0    ; 0            ; |VisualizadorAlphanumerico|DecodificadorMatriz:inst4|Linha5:inst10                        ; work         ;
;          |A52:inst2|              ; 5 (5)             ; 0 (0)        ; 0           ; 0            ; 0       ; 0         ; 0    ; 0            ; |VisualizadorAlphanumerico|DecodificadorMatriz:inst4|Linha5:inst10|A52:inst2              ; work         ;
;       |Linha6:inst13|             ; 25 (12)           ; 0 (0)        ; 0           ; 0            ; 0       ; 0         ; 0    ; 0            ; |VisualizadorAlphanumerico|DecodificadorMatriz:inst4|Linha6:inst13                        ; work         ;
;          |LED1LINHA6MATRIZ:inst|  ; 6 (6)             ; 0 (0)        ; 0           ; 0            ; 0       ; 0         ; 0    ; 0            ; |VisualizadorAlphanumerico|DecodificadorMatriz:inst4|Linha6:inst13|LED1LINHA6MATRIZ:inst  ; work         ;
;          |LED4LINHA6MATRIZ:inst7| ; 3 (3)             ; 0 (0)        ; 0           ; 0            ; 0       ; 0         ; 0    ; 0            ; |VisualizadorAlphanumerico|DecodificadorMatriz:inst4|Linha6:inst13|LED4LINHA6MATRIZ:inst7 ; work         ;
;          |LED5LINHA6MATRIZ:inst8| ; 4 (4)             ; 0 (0)        ; 0           ; 0            ; 0       ; 0         ; 0    ; 0            ; |VisualizadorAlphanumerico|DecodificadorMatriz:inst4|Linha6:inst13|LED5LINHA6MATRIZ:inst8 ; work         ;
;       |Linha7:inst9|              ; 40 (18)           ; 0 (0)        ; 0           ; 0            ; 0       ; 0         ; 0    ; 0            ; |VisualizadorAlphanumerico|DecodificadorMatriz:inst4|Linha7:inst9                         ; work         ;
;          |LED1LINHA7MATRIZ:inst|  ; 10 (10)           ; 0 (0)        ; 0           ; 0            ; 0       ; 0         ; 0    ; 0            ; |VisualizadorAlphanumerico|DecodificadorMatriz:inst4|Linha7:inst9|LED1LINHA7MATRIZ:inst   ; work         ;
;          |LED2LINHA7MATRIZ:inst2| ; 11 (11)           ; 0 (0)        ; 0           ; 0            ; 0       ; 0         ; 0    ; 0            ; |VisualizadorAlphanumerico|DecodificadorMatriz:inst4|Linha7:inst9|LED2LINHA7MATRIZ:inst2  ; work         ;
;          |LED3LINHA7MATRIZ:inst4| ; 1 (1)             ; 0 (0)        ; 0           ; 0            ; 0       ; 0         ; 0    ; 0            ; |VisualizadorAlphanumerico|DecodificadorMatriz:inst4|Linha7:inst9|LED3LINHA7MATRIZ:inst4  ; work         ;
;       |linha3:inst8|              ; 14 (0)            ; 0 (0)        ; 0           ; 0            ; 0       ; 0         ; 0    ; 0            ; |VisualizadorAlphanumerico|DecodificadorMatriz:inst4|linha3:inst8                         ; work         ;
;          |linha3led1:inst32|      ; 6 (6)             ; 0 (0)        ; 0           ; 0            ; 0       ; 0         ; 0    ; 0            ; |VisualizadorAlphanumerico|DecodificadorMatriz:inst4|linha3:inst8|linha3led1:inst32       ; work         ;
;          |linha3led5:inst35|      ; 8 (8)             ; 0 (0)        ; 0           ; 0            ; 0       ; 0         ; 0    ; 0            ; |VisualizadorAlphanumerico|DecodificadorMatriz:inst4|linha3:inst8|linha3led5:inst35       ; work         ;
;       |linha4:inst11|             ; 34 (32)           ; 0 (0)        ; 0           ; 0            ; 0       ; 0         ; 0    ; 0            ; |VisualizadorAlphanumerico|DecodificadorMatriz:inst4|linha4:inst11                        ; work         ;
;          |linha4led2:inst6|       ; 2 (2)             ; 0 (0)        ; 0           ; 0            ; 0       ; 0         ; 0    ; 0            ; |VisualizadorAlphanumerico|DecodificadorMatriz:inst4|linha4:inst11|linha4led2:inst6       ; work         ;
;       |or7:inst3|                 ; 19 (19)           ; 0 (0)        ; 0           ; 0            ; 0       ; 0         ; 0    ; 0            ; |VisualizadorAlphanumerico|DecodificadorMatriz:inst4|or7:inst3                            ; work         ;
;       |or7:inst4|                 ; 23 (23)           ; 0 (0)        ; 0           ; 0            ; 0       ; 0         ; 0    ; 0            ; |VisualizadorAlphanumerico|DecodificadorMatriz:inst4|or7:inst4                            ; work         ;
;       |or7:inst5|                 ; 26 (26)           ; 0 (0)        ; 0           ; 0            ; 0       ; 0         ; 0    ; 0            ; |VisualizadorAlphanumerico|DecodificadorMatriz:inst4|or7:inst5                            ; work         ;
;       |or7:inst6|                 ; 27 (27)           ; 0 (0)        ; 0           ; 0            ; 0       ; 0         ; 0    ; 0            ; |VisualizadorAlphanumerico|DecodificadorMatriz:inst4|or7:inst6                            ; work         ;
;       |or7:inst7|                 ; 28 (28)           ; 0 (0)        ; 0           ; 0            ; 0       ; 0         ; 0    ; 0            ; |VisualizadorAlphanumerico|DecodificadorMatriz:inst4|or7:inst7                            ; work         ;
;    |InterpretadorScancode:inst|   ; 63 (0)            ; 0 (0)        ; 0           ; 0            ; 0       ; 0         ; 0    ; 0            ; |VisualizadorAlphanumerico|InterpretadorScancode:inst                                     ; work         ;
;       |LED1:inst|                 ; 12 (12)           ; 0 (0)        ; 0           ; 0            ; 0       ; 0         ; 0    ; 0            ; |VisualizadorAlphanumerico|InterpretadorScancode:inst|LED1:inst                           ; work         ;
;       |LED2:inst7|                ; 9 (9)             ; 0 (0)        ; 0           ; 0            ; 0       ; 0         ; 0    ; 0            ; |VisualizadorAlphanumerico|InterpretadorScancode:inst|LED2:inst7                          ; work         ;
;       |LED3:inst9|                ; 12 (12)           ; 0 (0)        ; 0           ; 0            ; 0       ; 0         ; 0    ; 0            ; |VisualizadorAlphanumerico|InterpretadorScancode:inst|LED3:inst9                          ; work         ;
;       |LED4:inst2|                ; 6 (6)             ; 0 (0)        ; 0           ; 0            ; 0       ; 0         ; 0    ; 0            ; |VisualizadorAlphanumerico|InterpretadorScancode:inst|LED4:inst2                          ; work         ;
;       |LED5:inst13|               ; 7 (7)             ; 0 (0)        ; 0           ; 0            ; 0       ; 0         ; 0    ; 0            ; |VisualizadorAlphanumerico|InterpretadorScancode:inst|LED5:inst13                         ; work         ;
;       |LED6:inst1|                ; 8 (8)             ; 0 (0)        ; 0           ; 0            ; 0       ; 0         ; 0    ; 0            ; |VisualizadorAlphanumerico|InterpretadorScancode:inst|LED6:inst1                          ; work         ;
;       |LED7:inst15|               ; 9 (9)             ; 0 (0)        ; 0           ; 0            ; 0       ; 0         ; 0    ; 0            ; |VisualizadorAlphanumerico|InterpretadorScancode:inst|LED7:inst15                         ; work         ;
;    |Memoria:inst9|                ; 48 (2)            ; 59 (56)      ; 0           ; 0            ; 0       ; 0         ; 0    ; 0            ; |VisualizadorAlphanumerico|Memoria:inst9                                                  ; work         ;
;       |74138:inst52|              ; 8 (8)             ; 0 (0)        ; 0           ; 0            ; 0       ; 0         ; 0    ; 0            ; |VisualizadorAlphanumerico|Memoria:inst9|74138:inst52                                     ; work         ;
;       |74151:inst59|              ; 5 (0)             ; 0 (0)        ; 0           ; 0            ; 0       ; 0         ; 0    ; 0            ; |VisualizadorAlphanumerico|Memoria:inst9|74151:inst59                                     ; work         ;
;          |f74151:sub|             ; 5 (5)             ; 0 (0)        ; 0           ; 0            ; 0       ; 0         ; 0    ; 0            ; |VisualizadorAlphanumerico|Memoria:inst9|74151:inst59|f74151:sub                          ; work         ;
;       |74151:inst61|              ; 5 (0)             ; 0 (0)        ; 0           ; 0            ; 0       ; 0         ; 0    ; 0            ; |VisualizadorAlphanumerico|Memoria:inst9|74151:inst61                                     ; work         ;
;          |f74151:sub|             ; 5 (5)             ; 0 (0)        ; 0           ; 0            ; 0       ; 0         ; 0    ; 0            ; |VisualizadorAlphanumerico|Memoria:inst9|74151:inst61|f74151:sub                          ; work         ;
;       |74151:inst64|              ; 5 (0)             ; 0 (0)        ; 0           ; 0            ; 0       ; 0         ; 0    ; 0            ; |VisualizadorAlphanumerico|Memoria:inst9|74151:inst64                                     ; work         ;
;          |f74151:sub|             ; 5 (5)             ; 0 (0)        ; 0           ; 0            ; 0       ; 0         ; 0    ; 0            ; |VisualizadorAlphanumerico|Memoria:inst9|74151:inst64|f74151:sub                          ; work         ;
;       |74151:inst67|              ; 5 (0)             ; 0 (0)        ; 0           ; 0            ; 0       ; 0         ; 0    ; 0            ; |VisualizadorAlphanumerico|Memoria:inst9|74151:inst67                                     ; work         ;
;          |f74151:sub|             ; 5 (5)             ; 0 (0)        ; 0           ; 0            ; 0       ; 0         ; 0    ; 0            ; |VisualizadorAlphanumerico|Memoria:inst9|74151:inst67|f74151:sub                          ; work         ;
;       |74151:inst71|              ; 5 (0)             ; 0 (0)        ; 0           ; 0            ; 0       ; 0         ; 0    ; 0            ; |VisualizadorAlphanumerico|Memoria:inst9|74151:inst71                                     ; work         ;
;          |f74151:sub|             ; 5 (5)             ; 0 (0)        ; 0           ; 0            ; 0       ; 0         ; 0    ; 0            ; |VisualizadorAlphanumerico|Memoria:inst9|74151:inst71|f74151:sub                          ; work         ;
;       |74151:inst74|              ; 5 (0)             ; 0 (0)        ; 0           ; 0            ; 0       ; 0         ; 0    ; 0            ; |VisualizadorAlphanumerico|Memoria:inst9|74151:inst74                                     ; work         ;
;          |f74151:sub|             ; 5 (5)             ; 0 (0)        ; 0           ; 0            ; 0       ; 0         ; 0    ; 0            ; |VisualizadorAlphanumerico|Memoria:inst9|74151:inst74|f74151:sub                          ; work         ;
;       |74151:inst77|              ; 5 (0)             ; 0 (0)        ; 0           ; 0            ; 0       ; 0         ; 0    ; 0            ; |VisualizadorAlphanumerico|Memoria:inst9|74151:inst77                                     ; work         ;
;          |f74151:sub|             ; 5 (5)             ; 0 (0)        ; 0           ; 0            ; 0       ; 0         ; 0    ; 0            ; |VisualizadorAlphanumerico|Memoria:inst9|74151:inst77|f74151:sub                          ; work         ;
;       |Contador2:inst86|          ; 3 (3)             ; 3 (3)        ; 0           ; 0            ; 0       ; 0         ; 0    ; 0            ; |VisualizadorAlphanumerico|Memoria:inst9|Contador2:inst86                                 ; work         ;
;    |divisordefreq2:inst2|         ; 25 (25)           ; 25 (25)      ; 0           ; 0            ; 0       ; 0         ; 0    ; 0            ; |VisualizadorAlphanumerico|divisordefreq2:inst2                                           ; work         ;
;    |divisordefreq:inst5|          ; 15 (15)           ; 15 (15)      ; 0           ; 0            ; 0       ; 0         ; 0    ; 0            ; |VisualizadorAlphanumerico|divisordefreq:inst5                                            ; work         ;
;    |divisordefreq:inst6|          ; 15 (15)           ; 15 (15)      ; 0           ; 0            ; 0       ; 0         ; 0    ; 0            ; |VisualizadorAlphanumerico|divisordefreq:inst6                                            ; work         ;
+-----------------------------------+-------------------+--------------+-------------+--------------+---------+-----------+------+--------------+-------------------------------------------------------------------------------------------+--------------+
Note: For table entries with two numbers listed, the numbers in parentheses indicate the number of resources of the given type used by the specific entity alone. The numbers listed outside of parentheses indicate the total resources of the given type used by the specific entity and all of its sub-entities in the hierarchy.


+------------------------------------------------------+
; General Register Statistics                          ;
+----------------------------------------------+-------+
; Statistic                                    ; Value ;
+----------------------------------------------+-------+
; Total registers                              ; 125   ;
; Number of registers using Synchronous Clear  ; 0     ;
; Number of registers using Synchronous Load   ; 0     ;
; Number of registers using Asynchronous Clear ; 59    ;
; Number of registers using Asynchronous Load  ; 0     ;
; Number of registers using Clock Enable       ; 0     ;
; Number of registers using Preset             ; 0     ;
+----------------------------------------------+-------+


+-----------------------------------------------------------------------------------------------------------------------------------------------------------------------------------+
; Multiplexer Restructuring Statistics (Restructuring Performed)                                                                                                                    ;
+--------------------+-----------+---------------+----------------------+------------------------+------------+---------------------------------------------------------------------+
; Multiplexer Inputs ; Bus Width ; Baseline Area ; Area if Restructured ; Saving if Restructured ; Registered ; Example Multiplexer Output                                          ;
+--------------------+-----------+---------------+----------------------+------------------------+------------+---------------------------------------------------------------------+
; 8:1                ; 7 bits    ; 35 LEs        ; 35 LEs               ; 0 LEs                  ; No         ; |VisualizadorAlphanumerico|Memoria:inst9|74151:inst64|f74151:sub|81 ;
+--------------------+-----------+---------------+----------------------+------------------------+------------+---------------------------------------------------------------------+


+-------------------------------------------------------------------------+
; Parameter Settings for User Entity Instance: Memoria:inst9|74151:inst59 ;
+------------------------+------------+-----------------------------------+
; Parameter Name         ; Value      ; Type                              ;
+------------------------+------------+-----------------------------------+
; DEVICE_FAMILY          ; Cyclone II ; Untyped                           ;
; AUTO_CARRY_CHAINS      ; ON         ; AUTO_CARRY                        ;
; IGNORE_CARRY_BUFFERS   ; OFF        ; IGNORE_CARRY                      ;
; AUTO_CASCADE_CHAINS    ; ON         ; AUTO_CASCADE                      ;
; IGNORE_CASCADE_BUFFERS ; OFF        ; IGNORE_CASCADE                    ;
+------------------------+------------+-----------------------------------+
Note: In order to hide this table in the UI and the text report file, please set the "Show Parameter Settings Tables in Synthesis Report" option in "Analysis and Synthesis Settings -> More Settings" to "Off".


+-------------------------------------------------------------------------+
; Parameter Settings for User Entity Instance: Memoria:inst9|74151:inst61 ;
+------------------------+------------+-----------------------------------+
; Parameter Name         ; Value      ; Type                              ;
+------------------------+------------+-----------------------------------+
; DEVICE_FAMILY          ; Cyclone II ; Untyped                           ;
; AUTO_CARRY_CHAINS      ; ON         ; AUTO_CARRY                        ;
; IGNORE_CARRY_BUFFERS   ; OFF        ; IGNORE_CARRY                      ;
; AUTO_CASCADE_CHAINS    ; ON         ; AUTO_CASCADE                      ;
; IGNORE_CASCADE_BUFFERS ; OFF        ; IGNORE_CASCADE                    ;
+------------------------+------------+-----------------------------------+
Note: In order to hide this table in the UI and the text report file, please set the "Show Parameter Settings Tables in Synthesis Report" option in "Analysis and Synthesis Settings -> More Settings" to "Off".


+-------------------------------------------------------------------------+
; Parameter Settings for User Entity Instance: Memoria:inst9|74151:inst64 ;
+------------------------+------------+-----------------------------------+
; Parameter Name         ; Value      ; Type                              ;
+------------------------+------------+-----------------------------------+
; DEVICE_FAMILY          ; Cyclone II ; Untyped                           ;
; AUTO_CARRY_CHAINS      ; ON         ; AUTO_CARRY                        ;
; IGNORE_CARRY_BUFFERS   ; OFF        ; IGNORE_CARRY                      ;
; AUTO_CASCADE_CHAINS    ; ON         ; AUTO_CASCADE                      ;
; IGNORE_CASCADE_BUFFERS ; OFF        ; IGNORE_CASCADE                    ;
+------------------------+------------+-----------------------------------+
Note: In order to hide this table in the UI and the text report file, please set the "Show Parameter Settings Tables in Synthesis Report" option in "Analysis and Synthesis Settings -> More Settings" to "Off".


+-------------------------------------------------------------------------+
; Parameter Settings for User Entity Instance: Memoria:inst9|74151:inst67 ;
+------------------------+------------+-----------------------------------+
; Parameter Name         ; Value      ; Type                              ;
+------------------------+------------+-----------------------------------+
; DEVICE_FAMILY          ; Cyclone II ; Untyped                           ;
; AUTO_CARRY_CHAINS      ; ON         ; AUTO_CARRY                        ;
; IGNORE_CARRY_BUFFERS   ; OFF        ; IGNORE_CARRY                      ;
; AUTO_CASCADE_CHAINS    ; ON         ; AUTO_CASCADE                      ;
; IGNORE_CASCADE_BUFFERS ; OFF        ; IGNORE_CASCADE                    ;
+------------------------+------------+-----------------------------------+
Note: In order to hide this table in the UI and the text report file, please set the "Show Parameter Settings Tables in Synthesis Report" option in "Analysis and Synthesis Settings -> More Settings" to "Off".


+-------------------------------------------------------------------------+
; Parameter Settings for User Entity Instance: Memoria:inst9|74151:inst71 ;
+------------------------+------------+-----------------------------------+
; Parameter Name         ; Value      ; Type                              ;
+------------------------+------------+-----------------------------------+
; DEVICE_FAMILY          ; Cyclone II ; Untyped                           ;
; AUTO_CARRY_CHAINS      ; ON         ; AUTO_CARRY                        ;
; IGNORE_CARRY_BUFFERS   ; OFF        ; IGNORE_CARRY                      ;
; AUTO_CASCADE_CHAINS    ; ON         ; AUTO_CASCADE                      ;
; IGNORE_CASCADE_BUFFERS ; OFF        ; IGNORE_CASCADE                    ;
+------------------------+------------+-----------------------------------+
Note: In order to hide this table in the UI and the text report file, please set the "Show Parameter Settings Tables in Synthesis Report" option in "Analysis and Synthesis Settings -> More Settings" to "Off".


+-------------------------------------------------------------------------+
; Parameter Settings for User Entity Instance: Memoria:inst9|74151:inst74 ;
+------------------------+------------+-----------------------------------+
; Parameter Name         ; Value      ; Type                              ;
+------------------------+------------+-----------------------------------+
; DEVICE_FAMILY          ; Cyclone II ; Untyped                           ;
; AUTO_CARRY_CHAINS      ; ON         ; AUTO_CARRY                        ;
; IGNORE_CARRY_BUFFERS   ; OFF        ; IGNORE_CARRY                      ;
; AUTO_CASCADE_CHAINS    ; ON         ; AUTO_CASCADE                      ;
; IGNORE_CASCADE_BUFFERS ; OFF        ; IGNORE_CASCADE                    ;
+------------------------+------------+-----------------------------------+
Note: In order to hide this table in the UI and the text report file, please set the "Show Parameter Settings Tables in Synthesis Report" option in "Analysis and Synthesis Settings -> More Settings" to "Off".


+-------------------------------------------------------------------------+
; Parameter Settings for User Entity Instance: Memoria:inst9|74151:inst77 ;
+------------------------+------------+-----------------------------------+
; Parameter Name         ; Value      ; Type                              ;
+------------------------+------------+-----------------------------------+
; DEVICE_FAMILY          ; Cyclone II ; Untyped                           ;
; AUTO_CARRY_CHAINS      ; ON         ; AUTO_CARRY                        ;
; IGNORE_CARRY_BUFFERS   ; OFF        ; IGNORE_CARRY                      ;
; AUTO_CASCADE_CHAINS    ; ON         ; AUTO_CASCADE                      ;
; IGNORE_CASCADE_BUFFERS ; OFF        ; IGNORE_CASCADE                    ;
+------------------------+------------+-----------------------------------+
Note: In order to hide this table in the UI and the text report file, please set the "Show Parameter Settings Tables in Synthesis Report" option in "Analysis and Synthesis Settings -> More Settings" to "Off".


+-------------------------------+
; Analysis & Synthesis Messages ;
+-------------------------------+
Info: *******************************************************************
Info: Running Quartus II Analysis & Synthesis
    Info: Version 9.0 Build 235 06/17/2009 Service Pack 2 SJ Web Edition
    Info: Processing started: Wed Aug 31 12:00:41 2016
Info: Command: quartus_map --read_settings_files=on --write_settings_files=off VISUALIZADORALPHANUMERICO -c VISUALIZADORALPHANUMERICO
Info: Found 1 design units, including 1 entities, in source file linha2led2.bdf
    Info: Found entity 1: linha2led2
Info: Found 1 design units, including 1 entities, in source file Linha1.bdf
    Info: Found entity 1: Linha1
Info: Found 1 design units, including 1 entities, in source file Linha2.bdf
    Info: Found entity 1: Linha2
Info: Found 1 design units, including 1 entities, in source file linha3.bdf
    Info: Found entity 1: linha3
Info: Found 1 design units, including 1 entities, in source file linha3led1.bdf
    Info: Found entity 1: linha3led1
Info: Found 1 design units, including 1 entities, in source file linha3led2.bdf
    Info: Found entity 1: linha3led2
Info: Found 1 design units, including 1 entities, in source file linha3led3.bdf
    Info: Found entity 1: linha3led3
Info: Found 1 design units, including 1 entities, in source file linha3led4.bdf
    Info: Found entity 1: linha3led4
Info: Found 1 design units, including 1 entities, in source file linha3led5.bdf
    Info: Found entity 1: linha3led5
Info: Found 1 design units, including 1 entities, in source file linha4.bdf
    Info: Found entity 1: linha4
Info: Found 1 design units, including 1 entities, in source file linha4led1.bdf
    Info: Found entity 1: linha4led1
Info: Found 1 design units, including 1 entities, in source file linha4led2.bdf
    Info: Found entity 1: linha4led2
Info: Found 1 design units, including 1 entities, in source file linha4led3.bdf
    Info: Found entity 1: linha4led3
Info: Found 1 design units, including 1 entities, in source file linha4led4.bdf
    Info: Found entity 1: linha4led4
Info: Found 1 design units, including 1 entities, in source file linha4led5.bdf
    Info: Found entity 1: linha4led5
Info: Found 1 design units, including 1 entities, in source file Linha5.bdf
    Info: Found entity 1: Linha5
Info: Found 1 design units, including 1 entities, in source file Linha6.bdf
    Info: Found entity 1: Linha6
Info: Found 1 design units, including 1 entities, in source file Linha7.bdf
    Info: Found entity 1: Linha7
Info: Found 1 design units, including 1 entities, in source file or7.bdf
    Info: Found entity 1: or7
Info: Found 1 design units, including 1 entities, in source file LED1LINHA6MATRIZ.bdf
    Info: Found entity 1: LED1LINHA6MATRIZ
Info: Found 1 design units, including 1 entities, in source file LED1LINHA7MATRIZ.bdf
    Info: Found entity 1: LED1LINHA7MATRIZ
Info: Found 1 design units, including 1 entities, in source file LED2LINHA6MATRIZ.bdf
    Info: Found entity 1: LED2LINHA6MATRIZ
Info: Found 1 design units, including 1 entities, in source file LED2LINHA7MATRIZ.bdf
    Info: Found entity 1: LED2LINHA7MATRIZ
Info: Found 1 design units, including 1 entities, in source file LED3LINHA6MATRIZ.bdf
    Info: Found entity 1: LED3LINHA6MATRIZ
Info: Found 1 design units, including 1 entities, in source file LED3LINHA7MATRIZ.bdf
    Info: Found entity 1: LED3LINHA7MATRIZ
Info: Found 1 design units, including 1 entities, in source file LED4LINHA6MATRIZ.bdf
    Info: Found entity 1: LED4LINHA6MATRIZ
Info: Found 1 design units, including 1 entities, in source file LED4LINHA7MATRIZ.bdf
    Info: Found entity 1: LED4LINHA7MATRIZ
Info: Found 1 design units, including 1 entities, in source file LED5LINHA6MATRIZ.bdf
    Info: Found entity 1: LED5LINHA6MATRIZ
Info: Found 1 design units, including 1 entities, in source file LED5LINHA7MATRIZ.bdf
    Info: Found entity 1: LED5LINHA7MATRIZ
Info: Found 1 design units, including 1 entities, in source file DecodificadorMatriz.bdf
    Info: Found entity 1: DecodificadorMatriz
Info: Found 1 design units, including 1 entities, in source file Deliciaplex.bdf
    Info: Found entity 1: Deliciaplex
Info: Found 1 design units, including 1 entities, in source file A11.bdf
    Info: Found entity 1: A11
Info: Found 1 design units, including 1 entities, in source file A12.bdf
    Info: Found entity 1: A12
Info: Found 1 design units, including 1 entities, in source file A13.bdf
    Info: Found entity 1: A13
Info: Found 1 design units, including 1 entities, in source file A14.bdf
    Info: Found entity 1: A14
Info: Found 1 design units, including 1 entities, in source file A15.bdf
    Info: Found entity 1: A15
Info: Found 1 design units, including 1 entities, in source file A21.bdf
    Info: Found entity 1: A21
Info: Found 1 design units, including 1 entities, in source file A22.bdf
    Info: Found entity 1: A22
Info: Found 1 design units, including 1 entities, in source file A23.bdf
    Info: Found entity 1: A23
Info: Found 1 design units, including 1 entities, in source file A24.bdf
    Info: Found entity 1: A24
Info: Found 1 design units, including 1 entities, in source file A25.bdf
    Info: Found entity 1: A25
Info: Found 1 design units, including 1 entities, in source file A51.bdf
    Info: Found entity 1: A51
Info: Found 1 design units, including 1 entities, in source file A52.bdf
    Info: Found entity 1: A52
Info: Found 1 design units, including 1 entities, in source file A53.bdf
    Info: Found entity 1: A53
Info: Found 1 design units, including 1 entities, in source file A54.bdf
    Info: Found entity 1: A54
Info: Found 1 design units, including 1 entities, in source file A55.bdf
    Info: Found entity 1: A55
Info: Found 1 design units, including 1 entities, in source file ContagemDaMemoria.bdf
    Info: Found entity 1: ContagemDaMemoria
Info: Found 1 design units, including 1 entities, in source file divisordefreq2.bdf
    Info: Found entity 1: divisordefreq2
Info: Found 1 design units, including 1 entities, in source file divisordefreq.bdf
    Info: Found entity 1: divisordefreq
Info: Found 1 design units, including 1 entities, in source file Debounce.bdf
    Info: Found entity 1: Debounce
Info: Found 1 design units, including 1 entities, in source file Memoria.bdf
    Info: Found entity 1: Memoria
Info: Found 1 design units, including 1 entities, in source file Contador.bdf
    Info: Found entity 1: Contador
Info: Found 1 design units, including 1 entities, in source file InterpretadorScancode.bdf
    Info: Found entity 1: InterpretadorScancode
Info: Found 1 design units, including 1 entities, in source file LED1.bdf
    Info: Found entity 1: LED1
Info: Found 1 design units, including 1 entities, in source file LED2.bdf
    Info: Found entity 1: LED2
Info: Found 1 design units, including 1 entities, in source file LED3.bdf
    Info: Found entity 1: LED3
Info: Found 1 design units, including 1 entities, in source file LED4.bdf
    Info: Found entity 1: LED4
Info: Found 1 design units, including 1 entities, in source file LED5.bdf
    Info: Found entity 1: LED5
Info: Found 1 design units, including 1 entities, in source file LED6.bdf
    Info: Found entity 1: LED6
Info: Found 1 design units, including 1 entities, in source file LED7.bdf
    Info: Found entity 1: LED7
Info: Found 1 design units, including 1 entities, in source file VisualizadorAlphanumerico.bdf
    Info: Found entity 1: VisualizadorAlphanumerico
Info: Found 1 design units, including 1 entities, in source file Contador2.bdf
    Info: Found entity 1: Contador2
Info: Elaborating entity "VISUALIZADORALPHANUMERICO" for the top level hierarchy
Info: Elaborating entity "Memoria" for hierarchy "Memoria:inst9"
Info: Elaborating entity "74138" for hierarchy "Memoria:inst9|74138:inst52"
Info: Elaborated megafunction instantiation "Memoria:inst9|74138:inst52"
Info: Elaborating entity "Contador2" for hierarchy "Memoria:inst9|Contador2:inst86"
Info: Elaborating entity "or7" for hierarchy "Memoria:inst9|or7:inst84"
Info: Elaborating entity "74151" for hierarchy "Memoria:inst9|74151:inst59"
Info: Elaborated megafunction instantiation "Memoria:inst9|74151:inst59"
Info: Elaborating entity "f74151" for hierarchy "Memoria:inst9|74151:inst59|f74151:sub"
Info: Elaborated megafunction instantiation "Memoria:inst9|74151:inst59|f74151:sub", which is child of megafunction instantiation "Memoria:inst9|74151:inst59"
Info: Elaborating entity "Debounce" for hierarchy "Debounce:inst3"
Info: Elaborating entity "divisordefreq" for hierarchy "divisordefreq:inst6"
Info: Elaborating entity "InterpretadorScancode" for hierarchy "InterpretadorScancode:inst"
Info: Elaborating entity "LED1" for hierarchy "InterpretadorScancode:inst|LED1:inst"
Info: Elaborating entity "LED2" for hierarchy "InterpretadorScancode:inst|LED2:inst7"
Info: Elaborating entity "LED3" for hierarchy "InterpretadorScancode:inst|LED3:inst9"
Info: Elaborating entity "LED4" for hierarchy "InterpretadorScancode:inst|LED4:inst2"
Info: Elaborating entity "LED5" for hierarchy "InterpretadorScancode:inst|LED5:inst13"
Info: Elaborating entity "LED6" for hierarchy "InterpretadorScancode:inst|LED6:inst1"
Info: Elaborating entity "LED7" for hierarchy "InterpretadorScancode:inst|LED7:inst15"
Info: Elaborating entity "divisordefreq2" for hierarchy "divisordefreq2:inst2"
Info: Elaborating entity "DecodificadorMatriz" for hierarchy "DecodificadorMatriz:inst4"
Info: Elaborating entity "Deliciaplex" for hierarchy "DecodificadorMatriz:inst4|Deliciaplex:inst18"
Info: Elaborating entity "Contador" for hierarchy "DecodificadorMatriz:inst4|Contador:inst12"
Info: Elaborating entity "Linha1" for hierarchy "DecodificadorMatriz:inst4|Linha1:inst1"
Info: Elaborating entity "A11" for hierarchy "DecodificadorMatriz:inst4|Linha1:inst1|A11:inst1"
Warning: Primitive "NOT" of instance "inst7" not used
Info: Elaborating entity "A12" for hierarchy "DecodificadorMatriz:inst4|Linha1:inst1|A12:inst2"
Warning: Primitive "NOT" of instance "inst7" not used
Info: Elaborating entity "A13" for hierarchy "DecodificadorMatriz:inst4|Linha1:inst1|A13:inst3"
Warning: Primitive "NOT" of instance "inst7" not used
Info: Elaborating entity "A14" for hierarchy "DecodificadorMatriz:inst4|Linha1:inst1|A14:inst4"
Warning: Primitive "NOT" of instance "inst7" not used
Info: Elaborating entity "A15" for hierarchy "DecodificadorMatriz:inst4|Linha1:inst1|A15:inst7"
Warning: Primitive "NOT" of instance "inst7" not used
Info: Elaborating entity "Linha2" for hierarchy "DecodificadorMatriz:inst4|Linha2:inst2"
Info: Elaborating entity "A21" for hierarchy "DecodificadorMatriz:inst4|Linha2:inst2|A21:inst1"
Warning: Primitive "NOT" of instance "inst6" not used
Warning: Primitive "NOT" of instance "inst7" not used
Info: Elaborating entity "linha2led2" for hierarchy "DecodificadorMatriz:inst4|Linha2:inst2|linha2led2:inst9"
Warning: Primitive "NOT" of instance "inst8" not used
Info: Elaborating entity "A23" for hierarchy "DecodificadorMatriz:inst4|Linha2:inst2|A23:inst3"
Warning: Primitive "NOT" of instance "inst7" not used
Info: Elaborating entity "A24" for hierarchy "DecodificadorMatriz:inst4|Linha2:inst2|A24:inst4"
Warning: Primitive "NOT" of instance "inst7" not used
Info: Elaborating entity "A25" for hierarchy "DecodificadorMatriz:inst4|Linha2:inst2|A25:inst5"
Warning: Primitive "NOT" of instance "inst6" not used
Warning: Primitive "NOT" of instance "inst7" not used
Info: Elaborating entity "linha3" for hierarchy "DecodificadorMatriz:inst4|linha3:inst8"
Info: Elaborating entity "linha3led1" for hierarchy "DecodificadorMatriz:inst4|linha3:inst8|linha3led1:inst32"
Warning: Block or symbol "OR8" of instance "inst25" overlaps another block or symbol
Warning: Primitive "NOT" of instance "inst8" not used
Info: Elaborating entity "linha3led2" for hierarchy "DecodificadorMatriz:inst4|linha3:inst8|linha3led2:inst"
Warning: Primitive "NOT" of instance "inst8" not used
Info: Elaborating entity "linha3led3" for hierarchy "DecodificadorMatriz:inst4|linha3:inst8|linha3led3:inst33"
Warning: Primitive "NOT" of instance "inst8" not used
Info: Elaborating entity "linha3led4" for hierarchy "DecodificadorMatriz:inst4|linha3:inst8|linha3led4:inst34"
Warning: Primitive "NOT" of instance "inst8" not used
Warning: Primitive "NOT" of instance "inst9" not used
Info: Elaborating entity "linha3led5" for hierarchy "DecodificadorMatriz:inst4|linha3:inst8|linha3led5:inst35"
Warning: Block or symbol "OR8" of instance "inst18" overlaps another block or symbol
Warning: Primitive "NOT" of instance "inst8" not used
Info: Elaborating entity "linha4" for hierarchy "DecodificadorMatriz:inst4|linha4:inst11"
Info: Elaborating entity "linha4led1" for hierarchy "DecodificadorMatriz:inst4|linha4:inst11|linha4led1:inst"
Warning: Primitive "NOT" of instance "inst8" not used
Info: Elaborating entity "linha4led2" for hierarchy "DecodificadorMatriz:inst4|linha4:inst11|linha4led2:inst6"
Warning: Primitive "NOT" of instance "inst8" not used
Info: Elaborating entity "linha4led3" for hierarchy "DecodificadorMatriz:inst4|linha4:inst11|linha4led3:inst7"
Warning: Primitive "NOT" of instance "inst8" not used
Info: Elaborating entity "linha4led4" for hierarchy "DecodificadorMatriz:inst4|linha4:inst11|linha4led4:inst8"
Warning: Primitive "NOT" of instance "inst8" not used
Info: Elaborating entity "linha4led5" for hierarchy "DecodificadorMatriz:inst4|linha4:inst11|linha4led5:inst9"
Warning: Primitive "NOT" of instance "inst8" not used
Info: Elaborating entity "Linha5" for hierarchy "DecodificadorMatriz:inst4|Linha5:inst10"
Info: Elaborating entity "A51" for hierarchy "DecodificadorMatriz:inst4|Linha5:inst10|A51:inst1"
Warning: Primitive "NOT" of instance "inst7" not used
Info: Elaborating entity "A52" for hierarchy "DecodificadorMatriz:inst4|Linha5:inst10|A52:inst2"
Warning: Primitive "NOT" of instance "inst7" not used
Info: Elaborating entity "A53" for hierarchy "DecodificadorMatriz:inst4|Linha5:inst10|A53:inst3"
Warning: Primitive "NOT" of instance "inst7" not used
Info: Elaborating entity "A54" for hierarchy "DecodificadorMatriz:inst4|Linha5:inst10|A54:inst4"
Warning: Primitive "NOT" of instance "inst7" not used
Info: Elaborating entity "A55" for hierarchy "DecodificadorMatriz:inst4|Linha5:inst10|A55:inst5"
Warning: Primitive "NOT" of instance "inst7" not used
Info: Elaborating entity "Linha6" for hierarchy "DecodificadorMatriz:inst4|Linha6:inst13"
Info: Elaborating entity "LED1LINHA6MATRIZ" for hierarchy "DecodificadorMatriz:inst4|Linha6:inst13|LED1LINHA6MATRIZ:inst"
Warning: Primitive "NOT" of instance "inst2" not used
Info: Elaborating entity "LED2LINHA6MATRIZ" for hierarchy "DecodificadorMatriz:inst4|Linha6:inst13|LED2LINHA6MATRIZ:inst2"
Warning: Primitive "NOT" of instance "inst2" not used
Warning: Primitive "NOT" of instance "inst4" not used
Info: Elaborating entity "LED3LINHA6MATRIZ" for hierarchy "DecodificadorMatriz:inst4|Linha6:inst13|LED3LINHA6MATRIZ:inst4"
Warning: Primitive "NOT" of instance "inst2" not used
Info: Elaborating entity "LED4LINHA6MATRIZ" for hierarchy "DecodificadorMatriz:inst4|Linha6:inst13|LED4LINHA6MATRIZ:inst7"
Warning: Primitive "NOT" of instance "inst2" not used
Info: Elaborating entity "LED5LINHA6MATRIZ" for hierarchy "DecodificadorMatriz:inst4|Linha6:inst13|LED5LINHA6MATRIZ:inst8"
Warning: Primitive "NOT" of instance "inst2" not used
Info: Elaborating entity "Linha7" for hierarchy "DecodificadorMatriz:inst4|Linha7:inst9"
Info: Elaborating entity "LED1LINHA7MATRIZ" for hierarchy "DecodificadorMatriz:inst4|Linha7:inst9|LED1LINHA7MATRIZ:inst"
Warning: Primitive "NOT" of instance "inst7" not used
Info: Elaborating entity "LED2LINHA7MATRIZ" for hierarchy "DecodificadorMatriz:inst4|Linha7:inst9|LED2LINHA7MATRIZ:inst2"
Warning: Primitive "NOT" of instance "inst7" not used
Info: Elaborating entity "LED3LINHA7MATRIZ" for hierarchy "DecodificadorMatriz:inst4|Linha7:inst9|LED3LINHA7MATRIZ:inst4"
Warning: Primitive "NOT" of instance "inst2" not used
Info: Elaborating entity "LED4LINHA7MATRIZ" for hierarchy "DecodificadorMatriz:inst4|Linha7:inst9|LED4LINHA7MATRIZ:inst10"
Warning: Primitive "NOT" of instance "inst2" not used
Info: Elaborating entity "LED5LINHA7MATRIZ" for hierarchy "DecodificadorMatriz:inst4|Linha7:inst9|LED5LINHA7MATRIZ:inst7"
Warning: Primitive "NOT" of instance "inst2" not used
Info: Ignored 14 buffer(s)
    Info: Ignored 14 CASCADE buffer(s)
Info: Implemented 517 device resources after synthesis - the final resource count might be different
    Info: Implemented 11 input pins
    Info: Implemented 21 output pins
    Info: Implemented 485 logic cells
Info: Quartus II Analysis & Synthesis was successful. 0 errors, 41 warnings
    Info: Peak virtual memory: 252 megabytes
    Info: Processing ended: Wed Aug 31 12:00:55 2016
    Info: Elapsed time: 00:00:14
    Info: Total CPU time (on all processors): 00:00:05


